#-----------------------------------------------------------
# Vivado v2016.3 (64-bit)
# SW Build 1682563 on Mon Oct 10 19:07:27 MDT 2016
# IP Build 1681267 on Mon Oct 10 21:28:31 MDT 2016
# Start of session at: Wed Dec 25 21:57:52 2024
# Process ID: 10080
# Current directory: C:/Users/Admin/Desktop/Car_park
# Command line: vivado.exe -gui_launcher_event rodinguilauncherevent11644 C:\Users\Admin\Desktop\Car_park\Car_park.xpr
# Log file: C:/Users/Admin/Desktop/Car_park/vivado.log
# Journal file: C:/Users/Admin/Desktop/Car_park\vivado.jou
#-----------------------------------------------------------
start_gui
open_project C:/Users/Admin/Desktop/Car_park/Car_park.xpr
Scanning sources...
Finished scanning sources
WARNING: [filemgmt 56-3] IP Output Repository Path: Could not find the directory 'C:/Users/Admin/Desktop/Car_park/Car_park.cache/ip'.
INFO: [IP_Flow 19-234] Refreshing IP repositories
INFO: [IP_Flow 19-1704] No user IP repositories specified
INFO: [IP_Flow 19-2313] Loaded Vivado IP repository 'C:/Xilinx/Vivado/2016.3/data/ip'.
file mkdir C:/Users/Admin/Desktop/Car_park/Car_park.srcs/sim_1/new
set_property SOURCE_SET sources_1 [get_filesets sim_1]
close [ open C:/Users/Admin/Desktop/Car_park/Car_park.srcs/sim_1/new/Car_Park_Tb.vhd w ]
add_files -fileset sim_1 C:/Users/Admin/Desktop/Car_park/Car_park.srcs/sim_1/new/Car_Park_Tb.vhd
exit
INFO: [Common 17-206] Exiting Vivado at Wed Dec 25 22:10:14 2024...
